
{
	gl.supports_vertex_array_object: true
	cocos2d.x.version: quick-cocos2d-x 3.3
	gl.vendor: NVIDIA Corporation
	gl.supports_PVRTC: false
	gl.renderer: NVIDIA GeForce GT 610 OpenGL Engine
	cocos2d.x.compiled_with_profiler: false
	gl.max_texture_size: 16384
	gl.supports_ETC1: false
	gl.supports_BGRA8888: false
	cocos2d.x.build_type: DEBUG
	gl.supports_discard_framebuffer: false
	gl.supports_NPOT: true
	gl.supports_S3TC: true
	gl.version: 2.1 NVIDIA-10.4.2 310.41.35f01
	gl.supports_ATITC: false
	gl.max_texture_units: 16
	cocos2d.x.compiled_with_gl_state_cache: true
}


Quick-Cocos2d-x C++ support ready.
------------------------------------------------
LOAD LUA FILE: /Volumes/D/GitHub/FantasyWarrior/src/main.lua
------------------------------------------------
can not get file data of /Volumes/D/GitHub/FantasyWarrior/src/app/GlobalFunctions.lua
[LUA ERROR] [string "/Volumes/D/GitHub/FantasyWarrior/src/main.lua"]:8: module 'app.GlobalFunctions' not found:
	no field package.preload['app.GlobalFunctions']
	no file './app/GlobalFunctions.lua'
	no file '/usr/local/share/lua/5.1/app/GlobalFunctions.lua'
	no file '/usr/local/share/lua/5.1/app/GlobalFunctions/init.lua'
	no file '/usr/local/lib/lua/5.1/app/GlobalFunctions.lua'
	no file '/usr/local/lib/lua/5.1/app/GlobalFunctions/init.lua'
	no file '/Volumes/D/GitHub/FantasyWarrior/src/app/GlobalFunctions.lua'
	no file './app/GlobalFunctions.so'
	no file '/usr/local/lib/lua/5.1/app/GlobalFunctions.so'
	no file '/usr/local/lib/lua/5.1/loadall.so'
	no file './app.so'
	no file '/usr/local/lib/lua/5.1/app.so'
	no file '/usr/local/lib/lua/5.1/loadall.so'
